array (
  'into_data' => 
  array (
    'id1' => 2,
    'id2' => 3,
    'type' => 'next',
  ),
)array (
  'into_data' => 
  array (
    'id1' => 2,
    'id2' => 4,
    'type' => 'prev',
  ),
)array (
  'into_data' => 
  array (
    'id1' => 2,
    'id2' => 4,
    'type' => 'prev',
  ),
)array (
  'into_data' => 
  array (
    'id1' => 2,
    'id2' => 3,
    'type' => 'next',
  ),
)array (
  'into_data' => 
  array (
    'id1' => 2,
    'id2' => 3,
    'type' => 'next',
  ),
)array (
  'into_data' => 
  array (
    'id1' => 4,
    'id2' => 7,
    'type' => 'next',
  ),
)array (
  'into_data' => 
  array (
    'id1' => 3,
    'id2' => 7,
    'type' => 'prev',
  ),
)array (
  'into_data' => 
  array (
    'id1' => 8,
    'id2' => 6,
    'type' => 'prev',
  ),
)array (
  'into_data' => 
  array (
    'id1' => 2,
    'id2' => 3,
    'type' => 'next',
  ),
)array (
  'into_data' => 
  array (
    'id1' => 4,
    'id2' => 6,
    'type' => 'next',
  ),
)array (
  'into_data' => 
  array (
    'id1' => 5,
    'id2' => 2,
    'type' => 'prev',
  ),
)array (
  'into_data' => 
  array (
    'id1' => 7,
    'id2' => 4,
    'type' => 'prev',
  ),
)